<?xml version="1.0" encoding="UTF-8"?>
<!-- Generated by org.testng.reporters.JUnitReportReporter -->
<testsuite name="com.SpiceTG.TestCases.CopyOfHomePagesTestCase" tests="4" time="69.309" ignored="6" failures="0" timestamp="08 Oct 2019 08:26:06 GMT" skipped="0" hostname="leomahesh-PC" errors="0">
  <testcase name="Test4" time="19.205" classname="com.SpiceTG.TestCases.CopyOfHomePagesTestCase"/>
  <testcase name="Test4" time="19.352" classname="com.SpiceTG.TestCases.CopyOfHomePagesTestCase"/>
  <testcase name="Test4" time="17.336" classname="com.SpiceTG.TestCases.CopyOfHomePagesTestCase"/>
  <testcase name="Test4" time="13.416" classname="com.SpiceTG.TestCases.CopyOfHomePagesTestCase"/>
  <testcase name="Test7" classname="com.SpiceTG.TestCases.CopyOfHomePagesTestCase">
    <skipped/>
  </testcase> <!-- Test7 -->
  <testcase name="Test6" classname="com.SpiceTG.TestCases.CopyOfHomePagesTestCase">
    <skipped/>
  </testcase> <!-- Test6 -->
  <testcase name="Test3" classname="com.SpiceTG.TestCases.CopyOfHomePagesTestCase">
    <skipped/>
  </testcase> <!-- Test3 -->
  <testcase name="Test2" classname="com.SpiceTG.TestCases.CopyOfHomePagesTestCase">
    <skipped/>
  </testcase> <!-- Test2 -->
  <testcase name="Test5" classname="com.SpiceTG.TestCases.CopyOfHomePagesTestCase">
    <skipped/>
  </testcase> <!-- Test5 -->
  <testcase name="Test1" classname="com.SpiceTG.TestCases.CopyOfHomePagesTestCase">
    <skipped/>
  </testcase> <!-- Test1 -->
</testsuite> <!-- com.SpiceTG.TestCases.CopyOfHomePagesTestCase -->
