<?xml version="1.0" encoding="UTF-8"?>
<!-- Generated by org.testng.reporters.JUnitReportReporter -->
<testsuite hostname="leomahesh-PC" name="com.SpiceTG.TestCases.HomePagesTestCase" tests="3" failures="0" timestamp="19 Sep 2019 15:16:15 GMT" time="11.687" errors="0">
  <testcase name="Test1" time="3.304" classname="com.SpiceTG.TestCases.HomePagesTestCase"/>
  <testcase name="Test3" time="4.892" classname="com.SpiceTG.TestCases.HomePagesTestCase"/>
  <testcase name="Test2" time="3.491" classname="com.SpiceTG.TestCases.HomePagesTestCase"/>
</testsuite> <!-- com.SpiceTG.TestCases.HomePagesTestCase -->
