<?xml version="1.0" encoding="UTF-8"?>
<!-- Generated by org.testng.reporters.JUnitReportReporter -->
<testsuite hostname="leomahesh-PC" name="com.SpiceTG.TestCases.HomePagesTestCase" tests="4" failures="0" timestamp="24 Sep 2019 06:41:55 GMT" time="27.478" errors="0">
  <testcase name="Test3" time="7.859" classname="com.SpiceTG.TestCases.HomePagesTestCase"/>
  <testcase name="Test1" time="9.005" classname="com.SpiceTG.TestCases.HomePagesTestCase"/>
  <testcase name="Test4" time="7.110" classname="com.SpiceTG.TestCases.HomePagesTestCase"/>
  <testcase name="Test2" time="3.504" classname="com.SpiceTG.TestCases.HomePagesTestCase"/>
</testsuite> <!-- com.SpiceTG.TestCases.HomePagesTestCase -->
