<?xml version="1.0" encoding="UTF-8"?>
<!-- Generated by org.testng.reporters.JUnitReportReporter -->
<testsuite hostname="leomahesh-PC" name="com.SpiceTG.TestCases.HomePagesTestCase" tests="1" failures="0" timestamp="27 Sep 2019 07:36:26 GMT" time="9.974" errors="0">
  <testcase name="Test4" time="9.974" classname="com.SpiceTG.TestCases.HomePagesTestCase"/>
</testsuite> <!-- com.SpiceTG.TestCases.HomePagesTestCase -->
