<?xml version="1.0" encoding="UTF-8"?>
<!-- Generated by org.testng.reporters.JUnitReportReporter -->
<testsuite hostname="leomahesh-PC" name="com.SpiceTG.TestCases.CopyOfHomePagesTestCase" tests="1" failures="0" timestamp="27 Sep 2019 14:31:47 GMT" time="6.720" errors="0">
  <testcase name="Test7" time="6.720" classname="com.SpiceTG.TestCases.CopyOfHomePagesTestCase"/>
</testsuite> <!-- com.SpiceTG.TestCases.CopyOfHomePagesTestCase -->
