<?xml version="1.0" encoding="UTF-8"?>
<!-- Generated by org.testng.reporters.JUnitReportReporter -->
<testsuite name="com.SpiceTG.TestCases.HomePagesTestCase" tests="4" time="0.003" ignored="0" failures="0" timestamp="07 Oct 2019 13:53:31 GMT" skipped="4" hostname="leomahesh-PC" errors="0">
  <testcase name="Test1" time="0.001" classname="com.SpiceTG.TestCases.HomePagesTestCase">
    <skipped/>
  </testcase> <!-- Test1 -->
  <testcase name="Test2" time="0.001" classname="com.SpiceTG.TestCases.HomePagesTestCase">
    <skipped/>
  </testcase> <!-- Test2 -->
  <testcase name="Test3" time="0.000" classname="com.SpiceTG.TestCases.HomePagesTestCase">
    <skipped/>
  </testcase> <!-- Test3 -->
  <testcase name="Test4" time="0.001" classname="com.SpiceTG.TestCases.HomePagesTestCase">
    <skipped/>
  </testcase> <!-- Test4 -->
</testsuite> <!-- com.SpiceTG.TestCases.HomePagesTestCase -->
