<?xml version="1.0" encoding="UTF-8"?>
<!-- Generated by org.testng.reporters.JUnitReportReporter -->
<testsuite hostname="leomahesh-PC" name="com.SpiceTG.TestCases.Updated_HomePagesTestCase" tests="1" failures="0" timestamp="24 Sep 2019 05:36:12 GMT" time="9.256" errors="0">
  <testcase name="Test5" time="9.256" classname="com.SpiceTG.TestCases.Updated_HomePagesTestCase"/>
</testsuite> <!-- com.SpiceTG.TestCases.Updated_HomePagesTestCase -->
