<?xml version="1.0" encoding="UTF-8"?>
<!-- Generated by org.testng.reporters.JUnitReportReporter -->
<testsuite hostname="leomahesh-PC" name="com.SpiceTG.TestCases.HomePagesTestCase" tests="1" failures="0" timestamp="20 Sep 2019 11:56:35 GMT" time="22.624" errors="0">
  <testcase name="Test3" time="22.624" classname="com.SpiceTG.TestCases.HomePagesTestCase"/>
</testsuite> <!-- com.SpiceTG.TestCases.HomePagesTestCase -->
