<?xml version="1.0" encoding="UTF-8"?>
<!-- Generated by org.testng.reporters.JUnitReportReporter -->
<testsuite hostname="leomahesh-PC" name="com.SpiceTG.TestCases.HomePagesTestCase" tests="4" failures="0" timestamp="20 Sep 2019 07:34:31 GMT" time="19.280" errors="0">
  <testcase name="Test1" time="3.100" classname="com.SpiceTG.TestCases.HomePagesTestCase"/>
  <testcase name="Test3" time="4.622" classname="com.SpiceTG.TestCases.HomePagesTestCase"/>
  <testcase name="Test4" time="6.816" classname="com.SpiceTG.TestCases.HomePagesTestCase"/>
  <testcase name="Test2" time="4.742" classname="com.SpiceTG.TestCases.HomePagesTestCase"/>
</testsuite> <!-- com.SpiceTG.TestCases.HomePagesTestCase -->
