<?xml version="1.0" encoding="UTF-8"?>
<!-- Generated by org.testng.reporters.JUnitReportReporter -->
<testsuite hostname="leomahesh-PC" name="com.SpiceTG.TestCases.CopyOfHomePagesTestCase" tests="4" failures="0" timestamp="4 Oct 2019 14:27:21 GMT" time="86.153" errors="0">
  <testcase name="Test4" time="20.664" classname="com.SpiceTG.TestCases.CopyOfHomePagesTestCase"/>
  <testcase name="Test4" time="24.099" classname="com.SpiceTG.TestCases.CopyOfHomePagesTestCase"/>
  <testcase name="Test4" time="29.106" classname="com.SpiceTG.TestCases.CopyOfHomePagesTestCase"/>
  <testcase name="Test4" time="12.284" classname="com.SpiceTG.TestCases.CopyOfHomePagesTestCase"/>
</testsuite> <!-- com.SpiceTG.TestCases.CopyOfHomePagesTestCase -->
