<?xml version="1.0" encoding="UTF-8"?>
<!-- Generated by org.testng.reporters.JUnitReportReporter -->
<testsuite name="com.SpiceTG.TestCases.CopyOfHomePagesTestCase" tests="4" time="168.153" ignored="6" failures="0" timestamp="08 Oct 2019 06:23:37 GMT" skipped="0" hostname="leomahesh-PC" errors="0">
  <testcase name="Test4" time="23.493" classname="com.SpiceTG.TestCases.CopyOfHomePagesTestCase"/>
  <testcase name="Test4" time="89.200" classname="com.SpiceTG.TestCases.CopyOfHomePagesTestCase"/>
  <testcase name="Test4" time="35.418" classname="com.SpiceTG.TestCases.CopyOfHomePagesTestCase"/>
  <testcase name="Test4" time="20.042" classname="com.SpiceTG.TestCases.CopyOfHomePagesTestCase"/>
  <testcase name="Test7" classname="com.SpiceTG.TestCases.CopyOfHomePagesTestCase">
    <skipped/>
  </testcase> <!-- Test7 -->
  <testcase name="Test6" classname="com.SpiceTG.TestCases.CopyOfHomePagesTestCase">
    <skipped/>
  </testcase> <!-- Test6 -->
  <testcase name="Test3" classname="com.SpiceTG.TestCases.CopyOfHomePagesTestCase">
    <skipped/>
  </testcase> <!-- Test3 -->
  <testcase name="Test2" classname="com.SpiceTG.TestCases.CopyOfHomePagesTestCase">
    <skipped/>
  </testcase> <!-- Test2 -->
  <testcase name="Test5" classname="com.SpiceTG.TestCases.CopyOfHomePagesTestCase">
    <skipped/>
  </testcase> <!-- Test5 -->
  <testcase name="Test1" classname="com.SpiceTG.TestCases.CopyOfHomePagesTestCase">
    <skipped/>
  </testcase> <!-- Test1 -->
</testsuite> <!-- com.SpiceTG.TestCases.CopyOfHomePagesTestCase -->
