<?xml version="1.0" encoding="UTF-8"?>
<!-- Generated by org.testng.reporters.JUnitReportReporter -->
<testsuite hostname="leomahesh-PC" name="com.SpiceTG.TestCases.CopyOfHomePagesTestCase" tests="1" failures="0" timestamp="1 Oct 2019 13:13:04 GMT" time="25.300" errors="0">
  <testcase name="Test3" time="25.300" classname="com.SpiceTG.TestCases.CopyOfHomePagesTestCase"/>
</testsuite> <!-- com.SpiceTG.TestCases.CopyOfHomePagesTestCase -->
